[31mFATAL:  [0m could not open image /gxfs_work1/geomar/smomw529/parcels_test/job_scripts/parcels-container_2021.09.29-09ab0ce.sif: failed to retrieve path for /gxfs_work1/geomar/smomw529/parcels_test/job_scripts/parcels-container_2021.09.29-09ab0ce.sif: lstat /gxfs_work1/geomar/smomw529/parcels_test/job_scripts/parcels-container_2021.09.29-09ab0ce.sif: no such file or directory
srun: error: nesh-dm02: task 0: Exited with exit code 255

Slurm Job Summary
*****************
- General information:
    date = Mon Aug 15 12:59:41 CEST 2022
    hostname = nesh-dm02
- Job information:
    JobId = 5550821
    JobName = north-sea_oysters_
    UserId = smomw529(729666)
    Account = smomw529
    Partition = data
    QOS = normal
    NodeList = nesh-dm02
    Features = (null)
    Command = /gxfs_work1/geomar/smomw529/parcels_test/job_scripts/run_first_notebook.sh
    WorkDir = /gxfs_work1/geomar/smomw529/parcels_test/job_scripts
    StdOut = /gxfs_work1/geomar/smomw529/parcels_test/job_scripts/slurm-5550821.out
    StdErr = /gxfs_work1/geomar/smomw529/parcels_test/job_scripts/slurm-5550821.out
- Requested resources:
    Timelimit = 01:00:00 ( 3600s )
    MinMemoryNode =  ( 3.000M )
    NumNodes = 1
    NumCPUs = 1
    NumTasks = 1
    CPUs/Task = 1
    TresPerNode = 
- Used resources:
    RunTime = 00:00:03 ( 3s )
    MaxRSS = 1324K ( 1.293M )
====================
- Important conclusions and remarks:
    * !!! Please, always check if the number of requested cores and nodes matches the need of your program/code !!!
    * !!! Less than 10% of requested walltime used !!! Please, adapt your batch script.
    * !!! Less than 50% of requested main memory used !!! Please, adapt your batch script.

